<?xml version="1.0" encoding="UTF-8"?>
<testng-results skipped="0" failed="0" total="1" passed="1">
  <reporter-output>
  </reporter-output>
  <suite name="Suite" duration-ms="19878" started-at="2019-02-25T05:17:55Z" finished-at="2019-02-25T05:18:15Z">
    <groups>
    </groups>
    <test name="Test" duration-ms="19878" started-at="2019-02-25T05:17:55Z" finished-at="2019-02-25T05:18:15Z">
      <class name="MavenPac.Sample">
        <test-method status="PASS" signature="mavenProject()[pri:0, instance:MavenPac.Sample@5474c6c]" name="mavenProject" duration-ms="19868" started-at="2019-02-25T10:47:55Z" finished-at="2019-02-25T10:48:15Z">
          <reporter-output>
          </reporter-output>
        </test-method> <!-- mavenProject -->
      </class> <!-- MavenPac.Sample -->
    </test> <!-- Test -->
  </suite> <!-- Suite -->
</testng-results>
