<?xml version="1.0" encoding="UTF-8"?>
<testng-results skipped="0" failed="0" total="1" passed="1">
  <reporter-output>
  </reporter-output>
  <suite name="Suite" duration-ms="24044" started-at="2019-02-22T10:38:13Z" finished-at="2019-02-22T10:38:37Z">
    <groups>
    </groups>
    <test name="Test" duration-ms="24044" started-at="2019-02-22T10:38:13Z" finished-at="2019-02-22T10:38:37Z">
      <class name="MavenPac.Sample">
        <test-method status="PASS" signature="mavenProject()[pri:0, instance:MavenPac.Sample@21bcffb5]" name="mavenProject" duration-ms="24036" started-at="2019-02-22T16:08:13Z" finished-at="2019-02-22T16:08:37Z">
          <reporter-output>
          </reporter-output>
        </test-method> <!-- mavenProject -->
      </class> <!-- MavenPac.Sample -->
    </test> <!-- Test -->
  </suite> <!-- Suite -->
</testng-results>
